<?xml version="1.0" encoding="UTF-8"?>
<testng-results ignored="0" total="1" passed="1" failed="0" skipped="0">
  <reporter-output>
  </reporter-output>
  <suite started-at="2021-07-21T13:45:47 IST" name="Default suite" finished-at="2021-07-21T13:46:50 IST" duration-ms="63068">
    <groups>
    </groups>
    <test started-at="2021-07-21T13:45:47 IST" name="Default test" finished-at="2021-07-21T13:46:50 IST" duration-ms="63068">
      <class name="com.testScript.Testing">
        <test-method is-config="true" signature="openBrowser()[pri:0, instance:com.testScript.Testing@50a638b5]" started-at="2021-07-21T13:45:47 IST" name="openBrowser" finished-at="2021-07-21T13:46:04 IST" duration-ms="16328" status="PASS">
          <reporter-output>
          </reporter-output>
        </test-method> <!-- openBrowser -->
        <test-method is-config="true" signature="SignUp()[pri:0, instance:com.testScript.Testing@50a638b5]" started-at="2021-07-21T13:46:04 IST" name="SignUp" finished-at="2021-07-21T13:46:25 IST" duration-ms="21280" status="PASS">
          <reporter-output>
          </reporter-output>
        </test-method> <!-- SignUp -->
        <test-method signature="CreateContactCRM()[pri:0, instance:com.testScript.Testing@50a638b5]" started-at="2021-07-21T13:46:25 IST" name="CreateContactCRM" finished-at="2021-07-21T13:46:25 IST" duration-ms="21" status="PASS">
          <reporter-output>
          </reporter-output>
        </test-method> <!-- CreateContactCRM -->
        <test-method is-config="true" signature="CreateCRM()[pri:0, instance:com.testScript.Testing@50a638b5]" started-at="2021-07-21T13:46:25 IST" name="CreateCRM" finished-at="2021-07-21T13:46:50 IST" duration-ms="24907" status="PASS">
          <reporter-output>
          </reporter-output>
        </test-method> <!-- CreateCRM -->
        <test-method is-config="true" signature="closeBrowser()[pri:0, instance:com.testScript.Testing@50a638b5]" started-at="2021-07-21T13:46:50 IST" name="closeBrowser" finished-at="2021-07-21T13:46:50 IST" duration-ms="473" status="PASS">
          <reporter-output>
          </reporter-output>
        </test-method> <!-- closeBrowser -->
      </class> <!-- com.testScript.Testing -->
    </test> <!-- Default test -->
  </suite> <!-- Default suite -->
</testng-results>
