<?xml version="1.0" encoding="UTF-8"?>
<testng-results ignored="0" total="1" passed="1" failed="0" skipped="0">
  <reporter-output>
  </reporter-output>
  <suite started-at="2021-07-21T14:34:42 IST" name="Default suite" finished-at="2021-07-21T14:35:27 IST" duration-ms="44690">
    <groups>
    </groups>
    <test started-at="2021-07-21T14:34:42 IST" name="Default test" finished-at="2021-07-21T14:35:27 IST" duration-ms="44690">
      <class name="com.testScript.Testing">
        <test-method is-config="true" signature="openBrowser()[pri:0, instance:com.testScript.Testing@50a638b5]" started-at="2021-07-21T14:34:42 IST" name="openBrowser" finished-at="2021-07-21T14:34:53 IST" duration-ms="11021" status="PASS">
          <reporter-output>
          </reporter-output>
        </test-method> <!-- openBrowser -->
        <test-method is-config="true" signature="SignUp()[pri:0, instance:com.testScript.Testing@50a638b5]" started-at="2021-07-21T14:34:53 IST" name="SignUp" finished-at="2021-07-21T14:35:02 IST" duration-ms="9272" status="PASS">
          <reporter-output>
          </reporter-output>
        </test-method> <!-- SignUp -->
        <test-method signature="CreateContactCRM()[pri:0, instance:com.testScript.Testing@50a638b5]" started-at="2021-07-21T14:35:02 IST" name="CreateContactCRM" finished-at="2021-07-21T14:35:02 IST" duration-ms="9" status="PASS">
          <reporter-output>
          </reporter-output>
        </test-method> <!-- CreateContactCRM -->
        <test-method is-config="true" signature="CreateCRM()[pri:0, instance:com.testScript.Testing@50a638b5]" started-at="2021-07-21T14:35:02 IST" name="CreateCRM" finished-at="2021-07-21T14:35:26 IST" duration-ms="23574" status="PASS">
          <reporter-output>
          </reporter-output>
        </test-method> <!-- CreateCRM -->
        <test-method is-config="true" signature="closeBrowser()[pri:0, instance:com.testScript.Testing@50a638b5]" started-at="2021-07-21T14:35:26 IST" name="closeBrowser" finished-at="2021-07-21T14:35:27 IST" duration-ms="632" status="PASS">
          <reporter-output>
          </reporter-output>
        </test-method> <!-- closeBrowser -->
      </class> <!-- com.testScript.Testing -->
    </test> <!-- Default test -->
  </suite> <!-- Default suite -->
</testng-results>
